<?xml version="1.0" encoding="UTF-8"?>
<!-- Generated by org.testng.reporters.JUnitXMLReporter -->
<testsuite hostname="Preeti" ignored="5" name="test" tests="5" failures="0" timestamp="17 Jul 2018 08:07:36 GMT" time="58.723" errors="0">
  <testcase name="@BeforeTest openBrowser" time="51.833" classname="testCases.LOS.LOS_2_EligibilityCheck">
    <failure type="org.openqa.selenium.WebDriverException" message="Failed to decode response from marionette
Build info: version: &amp;apos;3.13.0&amp;apos;, revision: &amp;apos;2f0d292&amp;apos;, time: &amp;apos;2018-06-25T15:24:21.231Z&amp;apos;
System info: host: &amp;apos;PREETI&amp;apos;, ip: &amp;apos;192.168.10.191&amp;apos;, os.name: &amp;apos;Windows 7&amp;apos;, os.arch: &amp;apos;amd64&amp;apos;, os.version: &amp;apos;6.1&amp;apos;, java.version: &amp;apos;1.8.0_171&amp;apos;
Driver info: org.openqa.selenium.firefox.FirefoxDriver
Capabilities {acceptInsecureCerts: true, browserName: firefox, browserVersion: 57.0, javascriptEnabled: true, moz:accessibilityChecks: false, moz:headless: false, moz:processID: 20172, moz:profile: C:\Users\Preeti Sharma\AppD..., moz:webdriverClick: false, pageLoadStrategy: normal, platform: XP, platformName: XP, platformVersion: 6.1, rotatable: false, timeouts: {implicit: 0, pageLoad: 300000, script: 30000}}
Session ID: 9eb4da89-afd7-4960-af8c-d169975efd14">
      <![CDATA[org.openqa.selenium.WebDriverException: Failed to decode response from marionette
Build info: version: '3.13.0', revision: '2f0d292', time: '2018-06-25T15:24:21.231Z'
System info: host: 'PREETI', ip: '192.168.10.191', os.name: 'Windows 7', os.arch: 'amd64', os.version: '6.1', java.version: '1.8.0_171'
Driver info: org.openqa.selenium.firefox.FirefoxDriver
Capabilities {acceptInsecureCerts: true, browserName: firefox, browserVersion: 57.0, javascriptEnabled: true, moz:accessibilityChecks: false, moz:headless: false, moz:processID: 20172, moz:profile: C:\Users\Preeti Sharma\AppD..., moz:webdriverClick: false, pageLoadStrategy: normal, platform: XP, platformName: XP, platformVersion: 6.1, rotatable: false, timeouts: {implicit: 0, pageLoad: 300000, script: 30000}}
Session ID: 9eb4da89-afd7-4960-af8c-d169975efd14
at org.openqa.selenium.remote.http.W3CHttpResponseCodec.createException(W3CHttpResponseCodec.java:187)
at org.openqa.selenium.remote.http.W3CHttpResponseCodec.decode(W3CHttpResponseCodec.java:122)
at org.openqa.selenium.remote.http.W3CHttpResponseCodec.decode(W3CHttpResponseCodec.java:49)
at org.openqa.selenium.remote.HttpCommandExecutor.execute(HttpCommandExecutor.java:158)
at org.openqa.selenium.remote.service.DriverCommandExecutor.execute(DriverCommandExecutor.java:83)
at org.openqa.selenium.remote.RemoteWebDriver.execute(RemoteWebDriver.java:548)
at org.openqa.selenium.remote.RemoteWebDriver$RemoteWebDriverOptions$RemoteTimeouts.implicitlyWait(RemoteWebDriver.java:776)
at pageObjects.Login.login(Login.java:48)
at testCases.LOS.LOS_2_EligibilityCheck.openBrowser(LOS_2_EligibilityCheck.java:36)
... Removed 28 stack frames]]>
    </failure>
  </testcase> <!-- @BeforeTest openBrowser -->
  <testcase name="@BeforeClass openBrowser" time="0.0" classname="testCases.LOS.CreditCheck.LOS_1_CreditCheck">
    <skipped/>
  </testcase> <!-- @BeforeClass openBrowser -->
  <testcase name="@AfterClass closeBrowser" time="0.0" classname="testCases.LOS.CreditCheck.LOS_1_CreditCheck">
    <skipped/>
  </testcase> <!-- @AfterClass closeBrowser -->
  <testcase name="@AfterTest closeBrowser" time="0.0" classname="testCases.LOS.LOS_1_Login">
    <skipped/>
  </testcase> <!-- @AfterTest closeBrowser -->
  <testcase name="@AfterTest closeBrowser" time="0.0" classname="testCases.LOS.LOS_2_EligibilityCheck">
    <skipped/>
  </testcase> <!-- @AfterTest closeBrowser -->
  <testcase name="TestLogin" time="0.0" classname="testCases.LOS.LOS_1_Login">
    <skipped/>
  </testcase> <!-- TestLogin -->
  <testcase name="checkIndependentEligibiltyTest" time="0.0" classname="testCases.LOS.LOS_2_EligibilityCheck">
    <skipped/>
  </testcase> <!-- checkIndependentEligibiltyTest -->
  <testcase name="checkschoolNotFound" time="0.0" classname="testCases.LOS.LOS_2_EligibilityCheck">
    <skipped/>
  </testcase> <!-- checkschoolNotFound -->
  <testcase name="reapplyExistingLoans" time="0.0" classname="testCases.LOS.LOS_2_EligibilityCheck">
    <skipped/>
  </testcase> <!-- reapplyExistingLoans -->
  <testcase name="CreditCheckIndLoanApp" time="0.0" classname="testCases.LOS.CreditCheck.LOS_1_CreditCheck">
    <skipped/>
  </testcase> <!-- CreditCheckIndLoanApp -->
  <testcase name="CreditCheckTutionLoanApp" time="0.0" classname="testCases.LOS.CreditCheck.LOS_1_CreditCheck">
    <ignored/>
  </testcase> <!-- CreditCheckTutionLoanApp -->
  <testcase name="pendingCheck" time="0.0" classname="testCases.LOS.CreditCheck.LOS_1_CreditCheck">
    <ignored/>
  </testcase> <!-- pendingCheck -->
  <testcase name="CreditCheckPtfi" time="0.0" classname="testCases.LOS.CreditCheck.LOS_1_CreditCheck">
    <ignored/>
  </testcase> <!-- CreditCheckPtfi -->
  <testcase name="checkTutionEligibiltyTest" time="0.0" classname="testCases.LOS.LOS_2_EligibilityCheck">
    <ignored/>
  </testcase> <!-- checkTutionEligibiltyTest -->
  <testcase name="hardKOCheck" time="0.0" classname="testCases.LOS.CreditCheck.LOS_1_CreditCheck">
    <ignored/>
  </testcase> <!-- hardKOCheck -->
</testsuite> <!-- test -->
